2022-11-04 04:38:27,216 - Event Name: WC R16 - Event Location: Qatar - Student ID: 4421029150
2022-11-04 12:47:03,884 - Event Name: WC - Event Location: Qatar - Student ID: 4421029150
2022-11-04 16:02:51,362 - Event Name: WC - Event Location: R - Student ID: 4421029150
2022-11-04 16:08:44,883 - Event Name: WC - Event Location: R - Student ID: 4421021060
2022-11-04 16:11:46,807 - Event Name: WC - Event Location: R - Student ID: 4421029150
2022-11-04 16:16:14,463 - Event Name: WC - Event Location: R - Student ID: 4421029150
2022-11-04 16:19:00,682 - Event Name: WC - Event Location: R - Student ID: 4421029150
2022-11-04 16:22:19,049 - Event Name: WC - Event Location: R - Student ID: 4421029150
2022-11-04 16:27:09,637 - Event Name: WC - Event Location: R - Student ID: 4421029150
2022-11-04 17:55:10,546 - Event Name: WC - Event Location: R - Student ID: 4421029150
2022-11-04 17:56:17,586 - Event Name: WC - Event Location: R - Student ID: 4421029150
2022-11-04 17:58:36,599 - Event Name: WC - Event Location: R - Student ID: 4421029150
2022-11-04 17:59:02,975 - Event Name: WC - Event Location: R - Student ID: 4421029150
2022-11-04 18:01:08,140 - Event Name: WC - Event Location: R - Student ID: 4421029150
2022-11-04 18:07:08,475 - Event Name: WC - Event Location: R - Student ID: 4421021060
2022-11-04 18:07:32,916 - Event Name: WC - Event Location: R - Student ID: 4421029150
2022-11-04 18:08:26,751 - Event Name: WC - Event Location: R - Student ID: 4421029150
2022-11-04 22:00:37,306 - Event Name: WC - Event Location: Q - Student ID: 4421021060
2022-11-04 22:03:09,366 - Event Name: WC - Event Location: Q - Student ID: 4421021063
2022-11-05 16:31:45,826 - Event Name: nn - Event Location: R - Student ID: 4421021063
2022-11-05 19:05:27,254 - Event Name: j - Event Location: i - Student ID: 4421021063
2022-11-05 19:27:13,592 - Event Name: nn - Event Location: R - Student ID: 4421021060
2022-11-05 19:36:45,722 - Event Name: r - Event Location: kk - Student ID: 4421021060
2022-11-05 19:40:23,452 - Event Name: j - Event Location: i - Student ID: 4421021060
2022-11-05 19:43:44,735 - Event Name: fe - Event Location: sc - Student ID: 4421021060
2022-11-05 19:51:07,281 - Event Name: njnjkn - Event Location: mlm - Student ID: 4421021060
2022-11-05 19:52:51,300 - Event Name: nnk - Event Location: jjlj - Student ID: 4421021060
2022-11-05 20:00:15,956 - Event Name: jbjjk - Event Location: njnknk - Student ID: 4421021060
2022-11-05 20:58:24,806 - Event Name: lolo - Event Location: hh - Student ID: 4421021060
2022-11-05 21:02:05,225 - Event Name: hi - Event Location: do - Student ID: 4421021060
2022-11-05 21:09:31,260 - Event Name: d - Event Location: l - Student ID: 4421021060
2022-11-05 21:11:06,811 - Event Name: k - Event Location: kh - Student ID: 4421021060
2022-11-06 00:51:15,550 - Event Name: H - Event Location: K - Student ID: 4421021060
2022-11-06 00:51:39,463 - Event Name: j - Event Location: k - Student ID: 4421021060
2022-11-06 01:02:15,174 - Event Name: ad - Event Location: ad - Student ID: 4421021060
2022-11-06 01:03:31,300 - Event Name: ssss - Event Location: ssss - Student ID: 4421021060
2022-11-06 01:19:09,856 - Event Name: AAA - Event Location: AAA - Student ID: 4421021060
2022-11-06 11:41:03,941 - Transaction type: Show Events - Student ID: 4421021060
2022-11-06 11:41:10,247 - Transaction type: Logout - Student ID: 4421021060
2022-11-06 11:41:28,141 - Transaction type: Show Events - Student ID: 4421021060
2022-11-06 11:55:31,316 - Transaction type: Logout - Student ID: 4421021060
2022-11-06 11:55:37,535 - Transaction type: Show Events - Student ID: 4421021060
2022-11-06 11:55:39,587 - Transaction type: Logout - Student ID: 4421021060
2022-11-06 11:55:44,639 - Transaction type: Show Events - Student ID: 4421021060
2022-11-06 11:55:47,413 - Transaction type: Logout - Student ID: 4421021060
2022-11-06 11:56:48,008 - Transaction type: Login - Student ID: 4421021060
2022-11-06 11:56:52,507 - Transaction type: Show Events - Student ID: 4421021060
2022-11-06 11:56:53,580 - Transaction type: Logout - Student ID: 4421021060
2022-11-06 12:12:55,545 - Transaction type: Signup - Student ID: 4421021060
2022-11-06 12:13:25,997 - Transaction type: Login - Student ID: 4421021060
2022-11-06 12:13:38,027 - Transaction type: Logout - Student ID: 4421021060
2022-11-06 12:15:18,471 - Transaction type: Signup - Student ID: 4421021061
2022-11-06 12:16:13,437 - Transaction type: Login - Student ID: 4421021061
2022-11-06 12:16:24,140 - Transaction type: Logout - Student ID: 4421021061
2022-11-06 12:17:28,778 - Transaction type: Login - Student ID: 4421021061
2022-11-06 12:17:40,089 - Transaction type: Logout - Student ID: 4421021061
2022-11-06 12:19:32,333 - Transaction type: Login - Student ID: 4421021061
2022-11-06 12:19:46,522 - Transaction type: Logout - Student ID: 4421021061
2022-11-06 12:20:35,626 - Transaction type: Login - Student ID: 4421021061
2022-11-06 12:20:49,779 - Transaction type: Logout - Student ID: 4421021061
2022-11-06 12:21:31,925 - Transaction type: Login - Student ID: 4421021061
2022-11-06 12:21:40,211 - Transaction type: Logout - Student ID: 4421021061
2022-11-06 12:22:47,086 - Transaction type: Login - Student ID: 4421021061
2022-11-06 12:23:00,735 - Transaction type: Logout - Student ID: 4421021061
2022-11-07 12:07:34,094 - Transaction type: Login - Student ID: 4421021060
2022-11-07 12:08:53,043 - Transaction type: Signup - Student ID: 4421021060
2022-11-07 12:11:27,455 - Transaction type: Login - Student ID: 4421021060
2022-11-07 12:12:20,310 - Transaction type: Signup - Student ID: 4421021062
2022-11-07 12:13:08,896 - Transaction type: Login - Student ID: 4421021062
2022-11-07 12:14:06,134 - Transaction type: Login - Student ID: 4421021060
2022-11-07 12:16:06,466 - Transaction type: Login - Student ID: 4421021060
2022-11-07 12:16:10,968 - Transaction type: Logout - Student ID: 4421021060
2022-11-07 12:18:12,958 - Transaction type: Login - Student ID: 4421021060
2022-11-07 12:18:17,832 - Transaction type: Logout - Student ID: 4421021060
2022-11-07 12:24:21,146 - Transaction type: Login - Student ID: 4421021060
2022-11-07 12:35:21,612 - Transaction type: Login - Student ID: 4421021060
2022-11-07 12:37:10,594 - Transaction type: Logout - Student ID: 4421021060
2022-11-07 12:37:12,500 - Transaction type: Logout - Student ID: 4421021060
2022-11-08 01:14:23,138 - Event Name: E5 - Event Location: E5 - Student ID: 4421021060
2022-11-08 01:14:23,373 - Transaction type: Book Event - Event Name: E8 - Event Location: E8 - Student ID: 4421021060
2022-11-08 01:14:37,208 - Transaction type: Show Events - Student ID: 4421021060
2022-11-08 01:16:46,686 - Transaction type: Book Event - Event Name: E3 - Event Location: E3 - Student ID: 4421021060
2022-11-08 01:16:51,246 - Transaction type: Show Events - Student ID: 4421021060
2022-11-08 01:17:10,914 - Transaction type: Book Event - Event Name: E6 - Event Location: E6 - Student ID: 4421021060
2022-11-08 01:17:11,126 - Transaction type: Book Event - Event Name: E7 - Event Location: E7 - Student ID: 4421021060
2022-11-08 01:17:15,843 - Transaction type: Show Events - Student ID: 4421021060
2022-11-08 01:17:17,541 - Transaction type: Show Events - Student ID: 4421021060
2022-11-08 01:29:24,678 - Transaction type: Show Events - Student ID: 4421021060
2022-11-08 01:30:42,847 - Transaction type: Book Event - Event Name: E1 - Event Location: E1 - Student ID: 4421021060
2022-11-08 01:32:30,701 - Transaction type: Book Event - Event Name: E9 - Event Location: E9 - Student ID: 4421021060
2022-11-08 01:32:34,490 - Transaction type: Show Events - Student ID: 4421021060
2022-11-08 01:34:25,254 - Transaction type: Show Events - Student ID: 4421021060
2022-11-08 01:41:05,929 - Transaction type: Show Events - Student ID: 4421021060
2022-11-08 01:41:12,647 - Transaction type: Book Event - Event Name: E11 - Event Location: E11 - Student ID: 4421021060
2022-11-08 01:46:29,945 - Transaction type: Show Events - Student ID: 4421021060
2022-11-08 01:47:50,473 - Transaction type: Show Events - Student ID: 4421021060
2022-11-08 01:48:01,110 - Transaction type: Book Event - Event Name: E12 - Event Location: E12 - Student ID: 4421021060
2022-11-08 01:48:04,738 - Transaction type: Show Events - Student ID: 4421021060
2022-11-08 01:54:40,086 - Transaction type: Show Events - Student ID: 4421021060
2022-11-08 01:54:52,160 - Transaction type: Book Event - Event Name: E13 - Event Location: E13 - Student ID: 4421021060
2022-11-08 02:04:35,462 - Transaction type: Book Event - Event Name: E15 - Event Location: E15 - Student ID: 4421021060
2022-11-08 02:04:41,563 - Transaction type: Show Events - Student ID: 4421021060
2022-11-08 02:04:59,936 - Transaction type: Book Event - Event Name: E14 - Event Location: E14 - Student ID: 4421021060
2022-11-08 02:05:06,526 - Transaction type: Show Events - Student ID: 4421021060
2022-11-08 02:08:23,377 - Transaction type: Show Events - Student ID: 4421021060
2022-11-08 02:08:40,026 - Transaction type: Book Event - Event Name: E2000 - Event Location: E2000 - Student ID: 4421021060
2022-11-08 02:08:44,671 - Transaction type: Show Events - Student ID: 4421021060
2022-11-08 02:22:56,213 - Transaction type: Book Event - Event Name: E7 - Event Location: E7 - Student ID: 4421021060
2022-11-08 02:22:56,427 - Transaction type: Book Event - Event Name: E12 - Event Location: E12 - Student ID: 4421021060
2022-11-08 02:23:08,907 - Transaction type: Show Events - Student ID: 4421021060
2022-11-08 02:35:18,711 - Transaction type: Show Events - Student ID: 4421021060
2022-11-08 02:46:52,129 - Transaction type: Show Events - Student ID: 4421021060
2022-11-08 03:05:39,249 - Transaction type: Show Events - Student ID: 4421021060
2022-11-08 03:06:02,040 - Transaction type: Book Event - Event Name: E3000 - Event Location: E3000 - Student ID: 4421021060
2022-11-08 03:06:06,320 - Transaction type: Show Events - Student ID: 4421021060
2022-11-08 13:55:55,114 - Transaction type: Show Events - Student ID: 4421021060
